<?xml version="1.0" encoding="UTF-8"?>
<testng-results ignored="0" total="1" passed="1" failed="0" skipped="0">
  <reporter-output>
  </reporter-output>
  <suite started-at="2020-04-22T17:02:25 IST" name="Default suite" finished-at="2020-04-22T17:02:28 IST" duration-ms="3077">
    <groups>
    </groups>
    <test started-at="2020-04-22T17:02:25 IST" name="Default test" finished-at="2020-04-22T17:02:28 IST" duration-ms="3077">
      <class name="com.rest.com.test.SampleTest">
        <test-method signature="RegistrationSuccessful()[pri:0, instance:com.rest.com.test.SampleTest@527e5409]" started-at="2020-04-22T17:02:25 IST" name="RegistrationSuccessful" finished-at="2020-04-22T17:02:28 IST" duration-ms="3016" status="PASS">
          <reporter-output>
          </reporter-output>
        </test-method> <!-- RegistrationSuccessful -->
      </class> <!-- com.rest.com.test.SampleTest -->
    </test> <!-- Default test -->
  </suite> <!-- Default suite -->
</testng-results>
